Symbol,Name,LastSale,MarketCap,IPOyear,Sector,industry,Summary Quote
XXII,"22nd Century Group, Inc",0.8202,$52.77M,n/a,Consumer Non-Durables,Farming/Seeds/Milling,http://www.nasdaq.com/symbol/xxii
FAX,Aberdeen Asia-Pacific Income Fund Inc,5.48,$1.46B,1986,n/a,n/a,http://www.nasdaq.com/symbol/fax
IAF,Aberdeen Australia Equity Fund Inc,7.25,$166.3M,n/a,n/a,n/a,http://www.nasdaq.com/symbol/iaf
CH,"Aberdeen Chile Fund, Inc.",7.77,$72.93M,n/a,n/a,n/a,http://www.nasdaq.com/symbol/ch
ETF,Aberdeen Emerging Markets Smaller Company Opportunities Fund I,13.135,$128.26M,1992,n/a,n/a,http://www.nasdaq.com/symbol/etf
FCO,"Aberdeen Global Income Fund, Inc.",9.37,$86.16M,1992,n/a,n/a,http://www.nasdaq.com/symbol/fco
IF,"Aberdeen Indonesia Fund, Inc.",8.2299,$78.06M,1990,n/a,n/a,http://www.nasdaq.com/symbol/if
ISL,"Aberdeen Israel Fund, Inc.",16.74,$68.79M,1992,n/a,n/a,http://www.nasdaq.com/symbol/isl
ACU,Acme United Corporation.,19.01,$62.53M,1988,Capital Goods,Industrial Machinery/Components,http://www.nasdaq.com/symbol/acu
AIII,"ACRE Realty Investors, Inc.",1.52,$27.08M,n/a,Consumer Services,Real Estate Investment Trusts,http://www.nasdaq.com/symbol/aiii
ATNM,"Actinium Pharmaceuticals, Inc.",3.51,$124.1M,n/a,Health Care,Major Pharmaceuticals,http://www.nasdaq.com/symbol/atnm
AE,"Adams Resources & Energy, Inc.",66.98,$282.49M,n/a,Energy,Oil Refining/Marketing,http://www.nasdaq.com/symbol/ae
ADK,Adcare Health Systems Inc,4.22,$81.11M,n/a,Health Care,Hospital/Nursing Management,http://www.nasdaq.com/symbol/adk
ADK^A,Adcare Health Systems Inc,28.11,n/a,n/a,n/a,n/a,http://www.nasdaq.com/symbol/adk^a
API,"Advanced Photonix, Inc.",0.4,$14.95M,n/a,Technology,Semiconductors,http://www.nasdaq.com/symbol/api
ACY,AeroCentury Corp.,10,$15.43M,n/a,Technology,Diversified Commercial Services,http://www.nasdaq.com/symbol/acy
WGA,"AG&E Holdings, Inc.",0.8601,$10.08M,n/a,Technology,Radio And Television Broadcasting And Communications Equipment,http://www.nasdaq.com/symbol/wga
AIRI,Air Industries Group,9.97,$70.79M,n/a,Capital Goods,Military/Government/Technical,http://www.nasdaq.com/symbol/airi
AA^,Alcoa Inc.,87,n/a,n/a,Capital Goods,Metal Fabrications,http://www.nasdaq.com/symbol/aa^
AXX,Alderon Iron Ore Corp.,0.24,$31.71M,n/a,Basic Industries,Precious Metals,http://www.nasdaq.com/symbol/axx
AXU,Alexco Resource Corp,0.4799,$33.4M,n/a,Basic Industries,Precious Metals,http://www.nasdaq.com/symbol/axu
ANV,Allied Nevada Gold Corp.,0.92,$115.9M,n/a,Basic Industries,Precious Metals,http://www.nasdaq.com/symbol/anv
AAU,"Almaden Minerals, Ltd.",1.1,$80.46M,n/a,Basic Industries,Precious Metals,http://www.nasdaq.com/symbol/aau
APT,"Alpha Pro Tech, Ltd.",2.76,$50.5M,n/a,Health Care,Industrial Specialties,http://www.nasdaq.com/symbol/apt
ALTV,Alteva (D/B/A),7.85,$46.91M,n/a,Public Utilities,Telecommunications Equipment,http://www.nasdaq.com/symbol/altv
AAMC,Altisource Asset Management Corp,203,$444.54M,n/a,Finance,Real Estate,http://www.nasdaq.com/symbol/aamc
DIT,AMCON Distributing Company,79.5,$48.96M,n/a,Consumer Non-Durables,Food Distributors,http://www.nasdaq.com/symbol/dit
APP,American Apparel Inc,0.9005,$157.39M,n/a,Finance,Business Services,http://www.nasdaq.com/symbol/app
ADGE,American DG Energy Inc.,0.48,$25.18M,n/a,Energy,Electric Utilities: Central,http://www.nasdaq.com/symbol/adge
AMZG,American Eagle Energy Corporation.,0.6359,$19.36M,n/a,Basic Industries,Precious Metals,http://www.nasdaq.com/symbol/amzg
ALN,American Lorain Corporation,1.28,$44.69M,n/a,Consumer Non-Durables,Packaged Foods,http://www.nasdaq.com/symbol/aln
AMS,American Shared Hospital Services,2.65,$14.21M,n/a,Health Care,Medical Specialities,http://www.nasdaq.com/symbol/ams
AMPE,"Ampio Pharmaceuticals, Inc.",5.81,$301.96M,n/a,Health Care,Major Pharmaceuticals,http://www.nasdaq.com/symbol/ampe
AXN,"Aoxing Pharmaceutical Company, Inc.",1.95,$132.54M,n/a,Health Care,Major Pharmaceuticals,http://www.nasdaq.com/symbol/axn
AMCO,"Armco Metals Holdings, Inc.",1.309,$7.33M,n/a,Consumer Durables,Steel/Iron Ore,http://www.nasdaq.com/symbol/amco
HRT,Arrhythmia Research Technology Inc.,7.68,$21.18M,n/a,Health Care,Biotechnology: Electromedical & Electrotherapeutic Apparatus,http://www.nasdaq.com/symbol/hrt
AKG,Asanko Gold Inc.,1.55,$305.11M,n/a,Basic Industries,Mining & Quarrying of Nonmetallic Minerals (No Fuels),http://www.nasdaq.com/symbol/akg
AINC,Ashford Inc.,145.07,$290.14M,2014,Consumer Services,Professional Services,http://www.nasdaq.com/symbol/ainc
ASB/WS,Associated Banc-Corp,2.39,n/a,n/a,n/a,n/a,http://www.nasdaq.com/symbol/asb/ws
AST,"Asterias Biotherapeutics, Inc.",3.72,$114.96M,n/a,Health Care,Biotechnology: Biological Products (No Diagnostic Substances),http://www.nasdaq.com/symbol/ast
ATL,Atlatsa Resources Corporation,0.179,$99.22M,n/a,Basic Industries,Precious Metals,http://www.nasdaq.com/symbol/atl
AWX,Avalon Holdings Corporation,3.53,$13.43M,n/a,Public Utilities,Environmental Services,http://www.nasdaq.com/symbol/awx
AVL,"Avalon Rare Metals, Inc.",0.31,$43.63M,n/a,Basic Industries,Precious Metals,http://www.nasdaq.com/symbol/avl
ASM,Avino Silver,1.52,$54M,n/a,Basic Industries,Precious Metals,http://www.nasdaq.com/symbol/asm
BTG,B2Gold Corp,1.62,$1.49B,n/a,Basic Industries,Precious Metals,http://www.nasdaq.com/symbol/btg
BONE,"Bacterin International Holdings, Inc.",3.604,$24.06M,n/a,Health Care,Biotechnology: Biological Products (No Diagnostic Substances),http://www.nasdaq.com/symbol/bone
BTN,"Ballantyne Strong, Inc",4.199,$60.55M,n/a,Miscellaneous,Industrial Machinery/Components,http://www.nasdaq.com/symbol/btn
BKJ,"Bancorp of New Jersey, Inc",10.719,$57.56M,n/a,Finance,Major Banks,http://www.nasdaq.com/symbol/bkj
BCV,Bancroft Fund Limited,20.61,$108.04M,n/a,n/a,n/a,http://www.nasdaq.com/symbol/bcv
BAA,BANRO CORPORATION,0.15,$37.82M,n/a,Basic Industries,Precious Metals,http://www.nasdaq.com/symbol/baa
BHB,"Bar Harbor Bankshares, Inc.",32.78,$194.67M,n/a,Finance,Major Banks,http://www.nasdaq.com/symbol/bhb
BRN,"Barnwell Industries, Inc.",2.5,$20.69M,n/a,Energy,Oil & Gas Production,http://www.nasdaq.com/symbol/brn
BIR^A,"Berkshire Income Realty, Inc.",27.8,n/a,n/a,n/a,n/a,http://www.nasdaq.com/symbol/bir^a
BGSF,BG Staffing Inc,13,$72.91M,n/a,Technology,Professional Services,http://www.nasdaq.com/symbol/bgsf
BTX,"BioTime, Inc.",4.13,$343.4M,n/a,Health Care,Biotechnology: Biological Products (No Diagnostic Substances),http://www.nasdaq.com/symbol/btx
BTX/WS,"BioTime, Inc.",1.28,n/a,n/a,n/a,n/a,http://www.nasdaq.com/symbol/btx/ws
BGI,Birks Group Inc.,1.3632,$24.44M,n/a,n/a,n/a,http://www.nasdaq.com/symbol/bgi
BZM,BlackRock Maryland Municipal Bond Trust,14.44,$29.95M,2002,n/a,n/a,http://www.nasdaq.com/symbol/bzm
MHE,BlackRock Massachusetts Tax-Exempt Trust,14.0918,$33.3M,1993,n/a,n/a,http://www.nasdaq.com/symbol/mhe
BLE,BlackRock Municipal Income Trust II,15.54,$364.46M,2002,n/a,n/a,http://www.nasdaq.com/symbol/ble
BLJ,Blackrock New Jersey Municipal Bond Trust,15.79,$36.71M,2002,n/a,n/a,http://www.nasdaq.com/symbol/blj
BFY,BlackRock New York Municipal Income Trust II,14.73,$73.63M,2002,n/a,n/a,http://www.nasdaq.com/symbol/bfy
BPS,BlackRock Pennsylvania Strategic Municipal Trust (The),13.23,$26.88M,1999,n/a,n/a,http://www.nasdaq.com/symbol/bps
BHV,BlackRock Virginia Municipal Bond Trust,16.76,$26.66M,2002,n/a,n/a,http://www.nasdaq.com/symbol/bhv
BDR,"Blonder Tongue Laboratories, Inc.",1.76,$10.96M,n/a,Technology,Radio And Television Broadcasting And Communications Equipment,http://www.nasdaq.com/symbol/bdr
BRG,"Bluerock Residential Growth REIT, Inc.",13.28,$161.1M,2014,Consumer Services,Real Estate Investment Trusts,http://www.nasdaq.com/symbol/brg
BVX,Bovie Medical Corporation,3.5844,$63.94M,n/a,Health Care,Medical/Dental Instruments,http://www.nasdaq.com/symbol/bvx
BWL/A,"Bowl America, Inc.",15.25,n/a,n/a,Consumer Services,Services-Misc. Amusement & Recreation,http://www.nasdaq.com/symbol/bwl/a
BZC,Breeze-Eastern Corporation,10.0956,$99.1M,n/a,Capital Goods,Military/Government/Technical,http://www.nasdaq.com/symbol/bzc
BTI,British American Tobacco p.l.c.,113.45,$105.74B,n/a,Consumer Non-Durables,Farming/Seeds/Milling,http://www.nasdaq.com/symbol/bti
CAK,CAMAC Energy Inc.,0.3801,$481.88M,n/a,Energy,Oil & Gas Production,http://www.nasdaq.com/symbol/cak
CANF,Can-Fite Biopharma Ltd,4.15,$36.77M,n/a,Health Care,Major Pharmaceuticals,http://www.nasdaq.com/symbol/canf
ROX,"Castle Brands, Inc.",1.57,$246.39M,2006,Consumer Non-Durables,Beverages (Production/Distribution),http://www.nasdaq.com/symbol/rox
CAW,"CCA Industries, Inc.",3.5,$24.52M,n/a,Consumer Non-Durables,Package Goods/Cosmetics,http://www.nasdaq.com/symbol/caw
CVM,Cel-Sci Corporation,0.8901,$81.48M,n/a,Health Care,Biotechnology: Biological Products (No Diagnostic Substances),http://www.nasdaq.com/symbol/cvm
CVM/WS,Cel-Sci Corporation,0.195,n/a,n/a,n/a,n/a,http://www.nasdaq.com/symbol/cvm/ws
CEF,Central Fund of Canada Limited,12.15,$3.09B,n/a,n/a,n/a,http://www.nasdaq.com/symbol/cef
GTU,Central Gold Trust,41.79,$806.51M,n/a,n/a,n/a,http://www.nasdaq.com/symbol/gtu
CET,Central Securities Corporation,21.91,$543.79M,n/a,n/a,n/a,http://www.nasdaq.com/symbol/cet
CCF,Chase Corporation,42.86,$391.29M,n/a,Consumer Durables,Building Products,http://www.nasdaq.com/symbol/ccf
CQH,"Cheniere Energy Partners LP Holdings, LLC",22.97,$5.32B,2013,Public Utilities,Oil/Gas Transmission,http://www.nasdaq.com/symbol/cqh
CQP,"Cheniere Energy Partners, LP",30.66,$10.36B,2007,Public Utilities,Oil/Gas Transmission,http://www.nasdaq.com/symbol/cqp
LNG,"Cheniere Energy, Inc.",74,$17.53B,n/a,Public Utilities,Oil/Gas Transmission,http://www.nasdaq.com/symbol/lng
CVR,Chicago Rivet & Machine Co.,32.81,$31.7M,n/a,Technology,Industrial Machinery/Components,http://www.nasdaq.com/symbol/cvr
CNR,China Metro-Rural Holdings Limited,0.91,$66.92M,n/a,Finance,Real Estate,http://www.nasdaq.com/symbol/cnr
CPHI,"China Pharma Holdings, Inc.",0.412,$17.95M,n/a,Health Care,Major Pharmaceuticals,http://www.nasdaq.com/symbol/cphi
CKX,"CKX Lands, Inc.",15.56,$30.23M,n/a,Energy,Oil & Gas Production,http://www.nasdaq.com/symbol/ckx
GLV,Clough Global Allocation Fund,15,$156.52M,2004,n/a,n/a,http://www.nasdaq.com/symbol/glv
GLQ,Clough Global Equity Fund,14.82,$264.4M,2005,n/a,n/a,http://www.nasdaq.com/symbol/glq
GLO,Clough Global Opportunities Fund,12.45,$644.12M,2006,n/a,n/a,http://www.nasdaq.com/symbol/glo
CRV,"Coast Distribution System, Inc. (The)",3.51,$18.66M,n/a,Capital Goods,Automotive Aftermarket,http://www.nasdaq.com/symbol/crv
MOC,Command Security Corporation,2.14,$20.8M,n/a,Consumer Services,Diversified Commercial Services,http://www.nasdaq.com/symbol/moc
CIX,CompX International Inc.,11.3,$140.17M,1998,Capital Goods,Industrial Machinery/Components,http://www.nasdaq.com/symbol/cix
LODE,"Comstock Mining, Inc.",0.76,$68.2M,n/a,Basic Industries,Precious Metals,http://www.nasdaq.com/symbol/lode
CTO,Consolidated-Tomoka Land Co.,59.15,$347.04M,n/a,Finance,Real Estate,http://www.nasdaq.com/symbol/cto
MCF,Contango Oil & Gas Company,25.37,$491.55M,n/a,Energy,Oil & Gas Production,http://www.nasdaq.com/symbol/mcf
CUO,Continental Materials Corporation,17.3,$28.55M,n/a,Capital Goods,Building Materials,http://www.nasdaq.com/symbol/cuo
CMT,Core Molding Technologies Inc,14.5,$111.22M,n/a,Consumer Non-Durables,Plastic Products,http://www.nasdaq.com/symbol/cmt
CRMD,CorMedix Inc,4.63,$103.63M,n/a,Health Care,Major Pharmaceuticals,http://www.nasdaq.com/symbol/crmd
CRMD/WS,CorMedix Inc,1.2499,n/a,n/a,n/a,n/a,http://www.nasdaq.com/symbol/crmd/ws
CFP,Cornerstone Progressive Return Fund,15.36,$251.39M,n/a,n/a,n/a,http://www.nasdaq.com/symbol/cfp
CRF,"Cornerstone Strategic Return Fund, Inc. (The)",21.71,$95.96M,n/a,n/a,n/a,http://www.nasdaq.com/symbol/crf
CLM,"Cornerstone Strategic Value Fund, Inc.",21.77,$44.13M,1987,n/a,n/a,http://www.nasdaq.com/symbol/clm
COVR,Cover-All Technologies Inc.,1.095,$29.17M,n/a,Technology,Computer Software: Prepackaged Software,http://www.nasdaq.com/symbol/covr
CVU,"CPI Aerostructures, Inc.",11.87,$100.69M,n/a,Capital Goods,Military/Government/Technical,http://www.nasdaq.com/symbol/cvu
CIK,"Credit Suisse Asset Management Income Fund, Inc.",3.2168,$168.05M,n/a,n/a,n/a,http://www.nasdaq.com/symbol/cik
DHY,Credit Suisse High Yield Bond Fund,2.8,$278.65M,1998,n/a,n/a,http://www.nasdaq.com/symbol/dhy
CRVP,"Crystal Rock Holdings, Inc.",0.74,$15.81M,n/a,Consumer Non-Durables,Food Distributors,http://www.nasdaq.com/symbol/crvp
CTP,CTPartners Executive Search Inc.,6.71,$48.72M,2010,Technology,Diversified Commercial Services,http://www.nasdaq.com/symbol/ctp
CVSL,CVSL Inc.,5.8799,$143.46M,2014,Consumer Services,Other Consumer Services,http://www.nasdaq.com/symbol/cvsl
DAKP,"Dakota Plains Holdings, Inc.",1.77,$97.2M,n/a,Energy,Oil Refining/Marketing,http://www.nasdaq.com/symbol/dakp
DXR,Daxor Corporation,6.05,$24.41M,n/a,Health Care,Medical/Dental Instruments,http://www.nasdaq.com/symbol/dxr
DEJ,Dejour Energy Inc.,0.1685,$30.73M,n/a,Energy,Oil & Gas Production,http://www.nasdaq.com/symbol/dej
VCF,"Delaware Investments Colorado Municipal Income Fund, Inc",14.65,$70.86M,1993,n/a,n/a,http://www.nasdaq.com/symbol/vcf
VFL,Delaware Investments Florida Insured Municipal Income Fund,13.02,$58.96M,1993,n/a,n/a,http://www.nasdaq.com/symbol/vfl
VMM,"Delaware Investments Minnesota Municipal Income Fund II, Inc.",13.844,$159.27M,1993,n/a,n/a,http://www.nasdaq.com/symbol/vmm
DLA,"Delta Apparel, Inc.",8.85,$69.84M,n/a,Consumer Non-Durables,Apparel,http://www.nasdaq.com/symbol/dla
DNN,Denison Mine Corp,0.9042,$457.41M,n/a,Basic Industries,Precious Metals,http://www.nasdaq.com/symbol/dnn
DGSE,"DGSE Companies, Inc.",1.5,$18.34M,n/a,Consumer Services,Consumer Specialties,http://www.nasdaq.com/symbol/dgse
DPW,Digital Power Corporation,1.0297,$6.98M,n/a,Capital Goods,Industrial Machinery/Components,http://www.nasdaq.com/symbol/dpw
DSS,"Document Security Systems, Inc.",0.4366,$18.43M,n/a,Technology,EDP Services,http://www.nasdaq.com/symbol/dss
DMF,"Dreyfus Municipal Income, Inc.",9.42,$195.13M,1988,n/a,n/a,http://www.nasdaq.com/symbol/dmf
GRF,"Eagle Capital Growth Fund, Inc.",7.98,$24.94M,n/a,n/a,n/a,http://www.nasdaq.com/symbol/grf
ESTE,"Earthstone Energy, Inc.",28.14,$388.87M,n/a,Energy,Oil & Gas Production,http://www.nasdaq.com/symbol/este
EVM,Eaton Vance California Municipal Bond Fund,11.95,$255.71M,2002,n/a,n/a,http://www.nasdaq.com/symbol/evm
EIA,Eaton Vance California Municipal Bond Fund II,13.09,$50.86M,2002,n/a,n/a,http://www.nasdaq.com/symbol/eia
CEV,Eaton Vance California Municipal Income Trust,13.06,$94.74M,1999,n/a,n/a,http://www.nasdaq.com/symbol/cev
EVV,Eaton Vance Limited Duration Income Fund,14.22,$1.67B,2003,n/a,n/a,http://www.nasdaq.com/symbol/evv
MAB,Eaton Vance Massachusetts Municipal Bond Fund,14.74,$26.07M,2002,n/a,n/a,http://www.nasdaq.com/symbol/mab
MMV,Eaton Vance Massachusetts Municipal Income Trust,13.79,$37.82M,1999,n/a,n/a,http://www.nasdaq.com/symbol/mmv
MIW,Eaton Vance Michigan Municipal Bond Fund,13.67,$20.7M,2002,n/a,n/a,http://www.nasdaq.com/symbol/miw
EMI,Eaton Vance Michigan Municipal Income Trust,12.9,$26.87M,1999,n/a,n/a,http://www.nasdaq.com/symbol/emi
EIM,Eaton Vance Municipal Bond Fund,12.8,$872.55M,2002,n/a,n/a,http://www.nasdaq.com/symbol/eim
EIV,Eaton Vance Municipal Bond Fund II,12.6832,$127M,2002,n/a,n/a,http://www.nasdaq.com/symbol/eiv
EMJ,Eaton Vance New Jersey Municipal Bond Fund,12.94,$33.76M,2002,n/a,n/a,http://www.nasdaq.com/symbol/emj
EVJ,Eaton Vance New Jersey Municipal Income Trust,12.57,$58.65M,1999,n/a,n/a,http://www.nasdaq.com/symbol/evj
ENX,Eaton Vance New York Municipal Bond Fund,12.71,$199.31M,2002,n/a,n/a,http://www.nasdaq.com/symbol/enx
NYH,Eaton Vance New York Municipal Bond Fund II,12.15,$31.19M,2002,n/a,n/a,http://www.nasdaq.com/symbol/nyh
EVY,Eaton Vance New York Municipal Income Trust,13.54,$74.14M,1999,n/a,n/a,http://www.nasdaq.com/symbol/evy
EIO,Eaton Vance Ohio Municipal Bond Fund,13.3,$33.74M,2002,n/a,n/a,http://www.nasdaq.com/symbol/eio
EVO,Eaton Vance Ohio Municipal Income Trust,14.016,$40.05M,1999,n/a,n/a,http://www.nasdaq.com/symbol/evo
EIP,Eaton Vance Pennsylvania Municipal Bond Fund,12.85,$38.04M,2002,n/a,n/a,http://www.nasdaq.com/symbol/eip
EVP,Eaton Vance Pennsylvania Municipal Income Trust,12.38,$33.41M,1999,n/a,n/a,http://www.nasdaq.com/symbol/evp
ELMD,"Electromed, Inc.",2.319,$18.86M,2011,Health Care,Biotechnology: Electromedical & Electrotherapeutic Apparatus,http://www.nasdaq.com/symbol/elmd
ETAK,Elephant Talk Communications Corp.,0.6983,$105.97M,n/a,Public Utilities,Telecommunications Equipment,http://www.nasdaq.com/symbol/etak
ELLO,Ellomay Capital Ltd.,8.9,$95.23M,n/a,Public Utilities,Electric Utilities: Central,http://www.nasdaq.com/symbol/ello
ECF,Ellsworth Growth and Income Fund Ltd.,8.69,$114.19M,1986,n/a,n/a,http://www.nasdaq.com/symbol/ecf
EMAN,eMagin Corporation,3.21,$80.32M,n/a,Technology,Semiconductors,http://www.nasdaq.com/symbol/eman
EOX,"Emerald Oil, Inc.",1.18,$123.59M,n/a,Energy,Oil & Gas Production,http://www.nasdaq.com/symbol/eox
MSN,Emerson Radio Corporation,1.34,$36.35M,n/a,Consumer Non-Durables,Consumer Electronics/Appliances,http://www.nasdaq.com/symbol/msn
UUUU,Energy Fuels Inc,4.95,$97.43M,n/a,Basic Industries,Mining & Quarrying of Nonmetallic Minerals (No Fuels),http://www.nasdaq.com/symbol/uuuu
ENRJ,"EnerJex Resources, Inc.",2.83,$21.63M,n/a,Energy,Oil & Gas Production,http://www.nasdaq.com/symbol/enrj
ENRJ^,"EnerJex Resources, Inc.",19.5,n/a,n/a,n/a,n/a,http://www.nasdaq.com/symbol/enrj^
ENSV,ENSERVCO Corporation,2.2,$81.52M,n/a,Energy,Oilfield Services/Equipment,http://www.nasdaq.com/symbol/ensv
EGI,Entree Gold Inc,0.162,$23.81M,n/a,Basic Industries,Precious Metals,http://www.nasdaq.com/symbol/egi
EVI,"EnviroStarm, Inc.",2.35,$16.53M,n/a,Consumer Services,Other Consumer Services,http://www.nasdaq.com/symbol/evi
ERB,"ERBA Diagnostics, Inc.",3.49,$153.59M,n/a,Health Care,Major Pharmaceuticals,http://www.nasdaq.com/symbol/erb
ESP,Espey Mfg. & Electronics Corp.,30.621,$72.21M,n/a,Capital Goods,Industrial Machinery/Components,http://www.nasdaq.com/symbol/esp
EMXX,Eurasian Minerals Inc.,0.7299,$53.59M,n/a,Basic Industries,Precious Metals,http://www.nasdaq.com/symbol/emxx
EVBN,"Evans Bancorp, Inc.",23.73,$99.42M,n/a,Finance,Major Banks,http://www.nasdaq.com/symbol/evbn
EPM,"Evolution Petroleum Corporation, Inc.",6.48,$212.93M,n/a,Energy,Oil & Gas Production,http://www.nasdaq.com/symbol/epm
EPM^A,"Evolution Petroleum Corporation, Inc.",26.58,n/a,n/a,n/a,n/a,http://www.nasdaq.com/symbol/epm^a
XRA,Exeter Resource Corporation,0.51,$45.09M,n/a,Basic Industries,Mining & Quarrying of Nonmetallic Minerals (No Fuels),http://www.nasdaq.com/symbol/xra
FPI,Farmland Partners Inc.,11.26,$87.06M,2014,Consumer Services,Real Estate Investment Trusts,http://www.nasdaq.com/symbol/fpi
FPP,FieldPoint Petroleum Corporation,2.04,$16.58M,n/a,Energy,Oil & Gas Production,http://www.nasdaq.com/symbol/fpp
FPP/WS,FieldPoint Petroleum Corporation,0.24,n/a,n/a,n/a,n/a,http://www.nasdaq.com/symbol/fpp/ws
FEN,First Trust Energy Income and Growth Fund,35.79,$692.72M,2004,n/a,n/a,http://www.nasdaq.com/symbol/fen
FWV,"First West Virginia Bancorp, Inc.",21.8,$37.69M,n/a,Finance,Major Banks,http://www.nasdaq.com/symbol/fwv
BDL,"Flanigan&#39;s Enterprises, Inc.",33,$61.34M,n/a,Consumer Services,Restaurants,http://www.nasdaq.com/symbol/bdl
FSI,Flexible Solutions International Inc.,1.13,$14.88M,n/a,Basic Industries,Major Chemicals,http://www.nasdaq.com/symbol/fsi
FTF,Franklin Limited Duration Income Trust,12.27,$329.27M,2003,n/a,n/a,http://www.nasdaq.com/symbol/ftf
FSP,Franklin Street Properties Corp.,12.68,$1.27B,n/a,Consumer Services,Real Estate Investment Trusts,http://www.nasdaq.com/symbol/fsp
FRD,Friedman Industries Inc.,6.32,$42.97M,n/a,Capital Goods,Steel/Iron Ore,http://www.nasdaq.com/symbol/frd
FRS,"Frisch&#39;s Restaurants, Inc.",27.4,$140.23M,n/a,Consumer Services,Restaurants,http://www.nasdaq.com/symbol/frs
GGN,"GAMCO Global Gold, Natural Reources & Income Trust ",7.46,$803.38M,2005,n/a,n/a,http://www.nasdaq.com/symbol/ggn
GGN^B,"GAMCO Global Gold, Natural Reources & Income Trust ",22.44,n/a,n/a,n/a,n/a,http://www.nasdaq.com/symbol/ggn^b
EGAS,Gas Natural Inc.,10.1,$105.92M,n/a,Public Utilities,Oil/Gas Transmission,http://www.nasdaq.com/symbol/egas
GST,Gastar Exploration Inc.,3.06,$241.32M,n/a,Energy,Oil & Gas Production,http://www.nasdaq.com/symbol/gst
GST^A,Gastar Exploration Inc.,21.48,n/a,n/a,n/a,n/a,http://www.nasdaq.com/symbol/gst^a
GST^B,Gastar Exploration Inc.,24.48,n/a,n/a,n/a,n/a,http://www.nasdaq.com/symbol/gst^b
JOB,"General Employment Enterprises, Inc.",0.675,$17.48M,n/a,Technology,Diversified Commercial Services,http://www.nasdaq.com/symbol/job
GMO,"General Moly, Inc",0.45,$40.92M,n/a,Basic Industries,Precious Metals,http://www.nasdaq.com/symbol/gmo
GIG,"GigOptix, Inc.",1.16,$38.12M,n/a,Technology,Semiconductors,http://www.nasdaq.com/symbol/gig
GSB,"GlobalSCAPE, Inc.",3.2956,$69.1M,n/a,Technology,Computer Software: Prepackaged Software,http://www.nasdaq.com/symbol/gsb
GSAT,"Globalstar, Inc.",2.6,$2.25B,2006,Consumer Services,Telecommunications Equipment,http://www.nasdaq.com/symbol/gsat
GLOW,"Glowpoint, Inc.",1.04,$37.24M,n/a,Public Utilities,Telecommunications Equipment,http://www.nasdaq.com/symbol/glow
GORO,Gold Resource Corporation,3.39,$183.67M,n/a,Basic Industries,Precious Metals,http://www.nasdaq.com/symbol/goro
GSV,Gold Standard Ventures Corporation,0.489,$69.82M,n/a,Basic Industries,Mining & Quarrying of Nonmetallic Minerals (No Fuels),http://www.nasdaq.com/symbol/gsv
AUMN,Golden Minerals Company,0.54,$28.63M,n/a,Basic Industries,Precious Metals,http://www.nasdaq.com/symbol/aumn
GSS,"Golden Star Resources, Ltd",0.3066,$79.56M,n/a,Basic Industries,Precious Metals,http://www.nasdaq.com/symbol/gss
GV,Goldfield Corporation (The),2.54,$64.65M,n/a,Basic Industries,Water Supply,http://www.nasdaq.com/symbol/gv
GRC,Gorman-Rupp Company (The),28.67,$752.89M,n/a,Capital Goods,Fluid Controls,http://www.nasdaq.com/symbol/grc
GTE,Gran Tierra Energy Inc.,2.61,$720.55M,n/a,Energy,Oil & Gas Production,http://www.nasdaq.com/symbol/gte
GPL,Great Panther Silver Limited,0.62,$86.53M,n/a,Basic Industries,Precious Metals,http://www.nasdaq.com/symbol/gpl
GRH,"GreenHunter Resources, Inc.",0.73,$25.9M,n/a,Basic Industries,Major Chemicals,http://www.nasdaq.com/symbol/grh
GRH^C,"GreenHunter Resources, Inc.",19.45,n/a,n/a,n/a,n/a,http://www.nasdaq.com/symbol/grh^c
SIM,"Grupo Simec, S.A. de C.V.",8.28,$1.37B,1993,Basic Industries,Steel/Iron Ore,http://www.nasdaq.com/symbol/sim
GVP,"GSE Systems, Inc.",1.56,$27.91M,n/a,Technology,Computer Software: Prepackaged Software,http://www.nasdaq.com/symbol/gvp
HCHC,"HC2 Holdings, Inc.",7.36,$175.28M,n/a,Public Utilities,Telecommunications Equipment,http://www.nasdaq.com/symbol/hchc
HEB,"Hemispherx BioPharma, Inc.",0.24,$48.01M,n/a,Health Care,Biotechnology: Biological Products (No Diagnostic Substances),http://www.nasdaq.com/symbol/heb
HLM^,Hillman Group Capital Trust,31.965,n/a,n/a,n/a,n/a,http://www.nasdaq.com/symbol/hlm^
HMG,"HMG/Courtland Properties, Inc.",12.16,$12.75M,n/a,Consumer Services,Real Estate Investment Trusts,http://www.nasdaq.com/symbol/hmg
HH,"Hooper Holmes, Inc.",0.583,$41.32M,n/a,Health Care,Hospital/Nursing Management,http://www.nasdaq.com/symbol/hh
HUSA,Houston American Energy Corporation,0.24,$12.52M,n/a,Energy,Oil & Gas Production,http://www.nasdaq.com/symbol/husa
IBIO,"iBio, Inc.",0.9301,$66.88M,n/a,Health Care,Major Pharmaceuticals,http://www.nasdaq.com/symbol/ibio
IBO,IBO (Listing Market - NYSE Amex Network B F),153.82,n/a,n/a,n/a,n/a,http://www.nasdaq.com/symbol/ibo
IEC,IEC Electronics Corp.,4.3,$43.61M,n/a,Technology,Electrical Products,http://www.nasdaq.com/symbol/iec
IG,"IGI Laboratories, Inc.",10.81,$570.64M,n/a,Health Care,Biotechnology: Biological Products (No Diagnostic Substances),http://www.nasdaq.com/symbol/ig
IMUC,"ImmunoCellular Therapeutics, Ltd.",0.556,$35.92M,n/a,Health Care,Major Pharmaceuticals,http://www.nasdaq.com/symbol/imuc
IMH,"Impac Mortgage Holdings, Inc.",9.97,$95.59M,1997,Consumer Services,Real Estate Investment Trusts,http://www.nasdaq.com/symbol/imh
IMO,Imperial Oil Limited,38.71,$32.81B,n/a,Energy,Integrated oil Companies,http://www.nasdaq.com/symbol/imo
IOT,"Income Opportunity Realty Investors, Inc.",6.5,$27.09M,n/a,Consumer Services,Real Estate Investment Trusts,http://www.nasdaq.com/symbol/iot
IRT,"Independence Realty Trust, Inc.",9.35,$241.24M,2013,Consumer Services,Real Estate Investment Trusts,http://www.nasdaq.com/symbol/irt
IGC,India Globalization Capital Inc.,0.51,$7.67M,n/a,Basic Industries,Precious Metals,http://www.nasdaq.com/symbol/igc
IGC/WS,India Globalization Capital Inc.,0.01,n/a,n/a,n/a,n/a,http://www.nasdaq.com/symbol/igc/ws
INFU,"InfuSystems Holdings, Inc.",2.65,$59.05M,n/a,Health Care,Medical/Dental Instruments,http://www.nasdaq.com/symbol/infu
IHT,InnSuites Hospitality Trust,2.95,$24.42M,n/a,Consumer Services,Real Estate Investment Trusts,http://www.nasdaq.com/symbol/iht
NSPR,"InspireMD, Inc.",0.62,$26.29M,n/a,Health Care,Medical/Dental Instruments,http://www.nasdaq.com/symbol/nspr
IFMI,"Institutional Financial Markets, Inc.",1.62,$24.55M,n/a,Finance,Investment Bankers/Brokers/Service,http://www.nasdaq.com/symbol/ifmi
IDN,"Intellicheck Mobilisa, Inc.",1.47,$14.39M,1999,Technology,Computer Software: Prepackaged Software,http://www.nasdaq.com/symbol/idn
INS,Intelligent Systems Corporation,1.997,$17.89M,1992,Capital Goods,Metal Fabrications,http://www.nasdaq.com/symbol/ins
THM,International Tower Hill Mines Ltd,0.4175,$48.56M,n/a,Basic Industries,Precious Metals,http://www.nasdaq.com/symbol/thm
INTT,inTest Corporation,4.16,$43.94M,1997,Capital Goods,Electrical Products,http://www.nasdaq.com/symbol/intt
INUV,"Inuvo, Inc",1.36,$32.9M,n/a,Consumer Services,Advertising,http://www.nasdaq.com/symbol/inuv
VKI,Invesco Advantage Municipal Income Trust II,11.71,$519.7M,n/a,n/a,n/a,http://www.nasdaq.com/symbol/vki
ISR,"IsoRay, Inc.",1.4,$76.84M,n/a,Health Care,Medical/Dental Instruments,http://www.nasdaq.com/symbol/isr
ISDR,Issuer Direct Corporation,11.63,$24.27M,n/a,Miscellaneous,Publishing,http://www.nasdaq.com/symbol/isdr
ITI,"Iteris, Inc.",1.8184,$59.2M,n/a,Consumer Durables,Telecommunications Equipment,http://www.nasdaq.com/symbol/iti
KIQ,Kelso Technologies Inc,4.1901,$189.59M,n/a,Capital Goods,Railroads,http://www.nasdaq.com/symbol/kiq
LTS,Ladenburg Thalmann Financial Services Inc,3.96,$733.92M,n/a,Finance,Investment Bankers/Brokers/Service,http://www.nasdaq.com/symbol/lts
LTS^A,Ladenburg Thalmann Financial Services Inc,24,n/a,n/a,n/a,n/a,http://www.nasdaq.com/symbol/lts^a
LSG,Lake Shore Gold Corp,0.88,$383.18M,n/a,Basic Industries,Precious Metals,http://www.nasdaq.com/symbol/lsg
LAQ,"Latin America Equity Fund, Inc. (The)",21.65,$161.26M,1991,n/a,n/a,http://www.nasdaq.com/symbol/laq
LGL,"LGL Group, Inc. (The)",4,$10.38M,n/a,Capital Goods,Industrial Machinery/Components,http://www.nasdaq.com/symbol/lgl
LGL/WS,"LGL Group, Inc. (The)",0.006,n/a,n/a,n/a,n/a,http://www.nasdaq.com/symbol/lgl/ws
LBY,"Libbey, Inc.",36.81,$797.51M,1993,Capital Goods,Industrial Machinery/Components,http://www.nasdaq.com/symbol/lby
LBMH,"Liberator Medical Holdings, Inc.",3.65,$194.06M,n/a,Health Care,Medical/Nursing Services,http://www.nasdaq.com/symbol/lbmh
LIQT,"LiqTech International, Inc.",1.0588,$41.62M,n/a,Technology,Industrial Machinery/Components,http://www.nasdaq.com/symbol/liqt
LEI,"Lucas Energy, Inc.",0.269,$9.42M,n/a,Energy,Oil & Gas Production,http://www.nasdaq.com/symbol/lei
MCZ,Mad Catz Interactive Inc,0.3551,$22.9M,n/a,Consumer Non-Durables,Recreational Products/Toys,http://www.nasdaq.com/symbol/mcz
MVG,Mag Silver Corporation,6.54,$450.35M,n/a,Basic Industries,Precious Metals,http://www.nasdaq.com/symbol/mvg
MHR^C,Magnum Hunter Resources Corporation,22.75,n/a,n/a,n/a,n/a,http://www.nasdaq.com/symbol/mhr^c
MHR^D,Magnum Hunter Resources Corporation,38,n/a,n/a,n/a,n/a,http://www.nasdaq.com/symbol/mhr^d
MHR^E,Magnum Hunter Resources Corporation,19.5,n/a,n/a,n/a,n/a,http://www.nasdaq.com/symbol/mhr^e
MSTX,"Mast Therapeutics, Inc.",0.4962,$63.77M,n/a,Health Care,Major Pharmaceuticals,http://www.nasdaq.com/symbol/mstx
MHH,"Mastech Holdings, Inc",9.42,$40.57M,n/a,Consumer Services,Professional Services,http://www.nasdaq.com/symbol/mhh
MDGN,"Medgenics, Inc.",7.55,$187.56M,2011,Health Care,Biotechnology: Biological Products (No Diagnostic Substances),http://www.nasdaq.com/symbol/mdgn
MDGN/WS,"Medgenics, Inc.",2.3,n/a,n/a,n/a,n/a,http://www.nasdaq.com/symbol/mdgn/ws
IPB,"Merrill Lynch & Co., Inc.",27.66,n/a,n/a,Finance,Finance: Consumer Services,http://www.nasdaq.com/symbol/ipb
MEA,Metalico Inc,0.5671,$33.07M,n/a,Basic Industries,Metal Fabrications,http://www.nasdaq.com/symbol/mea
MXC,Mexco Energy Corporation,5.6541,$11.52M,n/a,Energy,Oil & Gas Production,http://www.nasdaq.com/symbol/mxc
CCA,MFS California Insured Municipal Trust,11.17,$31.12M,1999,n/a,n/a,http://www.nasdaq.com/symbol/cca
MGT,MGT Capital Investments Inc,0.5251,$5.54M,n/a,Miscellaneous,Multi-Sector Companies,http://www.nasdaq.com/symbol/mgt
MDW,Midway Gold Corporation,0.71,$125.35M,n/a,Basic Industries,Precious Metals,http://www.nasdaq.com/symbol/mdw
MGH,Minco Gold Corporation,0.24,$12.13M,n/a,Basic Industries,Precious Metals,http://www.nasdaq.com/symbol/mgh
MGN,"Mines Management, Inc.",0.5,$14.91M,n/a,Basic Industries,Precious Metals,http://www.nasdaq.com/symbol/mgn
MVF,"MuniVest Fund, Inc.",10.15,$649.42M,n/a,n/a,n/a,http://www.nasdaq.com/symbol/mvf
MZA,"MuniYield Arizona Fund, Inc.",16.38,$75.14M,1993,n/a,n/a,http://www.nasdaq.com/symbol/mza
NNVC,"NanoViricides, Inc.",2.75,$160.38M,n/a,Health Care,Biotechnology: Commercial Physical & Biological Resarch,http://www.nasdaq.com/symbol/nnvc
NHC,National HealthCare Corporation,63.17,$890.59M,n/a,Health Care,Hospital/Nursing Management,http://www.nasdaq.com/symbol/nhc
NHC^A,National HealthCare Corporation,15.77,n/a,n/a,n/a,n/a,http://www.nasdaq.com/symbol/nhc^a
NAVB,"Navidea Biopharmaceuticals, Inc.",1.64,$247.21M,n/a,Health Care,Biotechnology: In Vitro & In Vivo Diagnostic Substances,http://www.nasdaq.com/symbol/navb
NTIP,"Network-1 Technologies, Inc.",2.33,$57.03M,n/a,Technology,Computer Software: Prepackaged Software,http://www.nasdaq.com/symbol/ntip
NBW,Neuberger Berman California Intermediate Municipal Fund Inc.,15.54,$86.06M,2002,n/a,n/a,http://www.nasdaq.com/symbol/nbw
NHS,Neuberger Berman High Yield Strategies Fund,12.69,$247.97M,n/a,n/a,n/a,http://www.nasdaq.com/symbol/nhs
NBH,Neuberger Berman Intermediate Municipal Fund Inc.,15.37,$288.43M,2002,n/a,n/a,http://www.nasdaq.com/symbol/nbh
NML,Neuberger Berman MLP Income Fund Inc.,19.14,$1.08B,2013,n/a,n/a,http://www.nasdaq.com/symbol/nml
NBO,Neuberger Berman New York Intermediate Municipal Fund Inc.,14.04,$71.27M,2002,n/a,n/a,http://www.nasdaq.com/symbol/nbo
NRO,"Neuberger Berman Real Estate Securities Income Fund, Inc.",5.39,$300.7M,2003,n/a,n/a,http://www.nasdaq.com/symbol/nro
CUR,"Neuralstem, Inc.",3.8,$331.97M,n/a,Health Care,Biotechnology: Biological Products (No Diagnostic Substances),http://www.nasdaq.com/symbol/cur
UWN,"Nevada Gold & Casinos, Inc.",1.23,$19.95M,n/a,Consumer Services,Services-Misc. Amusement & Recreation,http://www.nasdaq.com/symbol/uwn
NSU,Nevsun Resources Ltd,3.72,$742.71M,n/a,Basic Industries,Precious Metals,http://www.nasdaq.com/symbol/nsu
GBR,"New Concept Energy, Inc",1.4901,$2.9M,n/a,Energy,Oil & Gas Production,http://www.nasdaq.com/symbol/gbr
NEN,New England Realty Associates Limited Partnership,47.712,$183.54M,n/a,Consumer Services,Building operators,http://www.nasdaq.com/symbol/nen
NGD,NEW GOLD INC.,3.51,$1.78B,n/a,Basic Industries,Precious Metals,http://www.nasdaq.com/symbol/ngd
NSAT,Norsat International Inc.,5.1,$29.74M,n/a,Capital Goods,Industrial Machinery/Components,http://www.nasdaq.com/symbol/nsat
PAL,"North American Palladium, Ltd.",0.235,$90.83M,2000,Basic Industries,Precious Metals,http://www.nasdaq.com/symbol/pal
NAK,"Northern Dynasty Minerals, Ltd.",0.5499,$52.25M,n/a,Basic Industries,Precious Metals,http://www.nasdaq.com/symbol/nak
NOG,"Northern Oil and Gas, Inc.",8.51,$518.88M,n/a,Energy,Oil & Gas Production,http://www.nasdaq.com/symbol/nog
NBY,"NovaBay Pharmaceuticals, Inc.",0.57,$29.43M,2007,Health Care,Major Pharmaceuticals,http://www.nasdaq.com/symbol/nby
NCQ,NovaCopper Inc.,0.6,$36.38M,n/a,Basic Industries,Precious Metals,http://www.nasdaq.com/symbol/ncq
NG,Novagold Resources Inc.,3.71,$1.18B,n/a,Basic Industries,Precious Metals,http://www.nasdaq.com/symbol/ng
NTN,"NTN Buzztime, Inc.",0.445,$41.07M,n/a,Consumer Services,Broadcasting,http://www.nasdaq.com/symbol/ntn
NVX,Nuveen California Dividend Advantage Municipal Fund 2,14.48,$213.71M,2001,n/a,n/a,http://www.nasdaq.com/symbol/nvx
NZH,Nuveen California Dividend Advantage Municipal Fund 3,13.44,$324.6M,n/a,n/a,n/a,http://www.nasdaq.com/symbol/nzh
NCB,Nuveen California Municipal Value Fund 2,16.56,$54.45M,n/a,n/a,n/a,http://www.nasdaq.com/symbol/ncb
CFD,Nuveen Diversified Commodity Fund,12.56,$115.01M,2010,n/a,n/a,http://www.nasdaq.com/symbol/cfd
NXZ,Nuveen Dividend Advantage Municipal Fund 2,14.21,$418.89M,2001,n/a,n/a,http://www.nasdaq.com/symbol/nxz
NZF,Nuveen Dividend Advantage Municipal Fund 3,13.96,$507.17M,2007,n/a,n/a,http://www.nasdaq.com/symbol/nzf
NVG,Nuveen Dividend Advantage Municipal Income Fund,14.37,$383.16M,2002,n/a,n/a,http://www.nasdaq.com/symbol/nvg
CTF,Nuveen Long/Short Commodity Total Return Fund,16.7899,$281.08M,n/a,n/a,n/a,http://www.nasdaq.com/symbol/ctf
NOM,Nuveen Missouri Premium Income Municipal Fund,15.4,$35.91M,1993,n/a,n/a,http://www.nasdaq.com/symbol/nom
NMZ,Nuveen Municipal High Income Opportunity Fund,13.56,$678.98M,2003,n/a,n/a,http://www.nasdaq.com/symbol/nmz
NJV,Nuveen New Jersey Municipal Value Fund,14.66,$22.72M,n/a,n/a,n/a,http://www.nasdaq.com/symbol/njv
NXK,Nuveen New York Dividend Advantage Municipal Fund 2,13.48,$87.39M,2001,n/a,n/a,http://www.nasdaq.com/symbol/nxk
NYV,Nuveen New York Municipal Value Fund 2,15.388,$36.16M,2009,n/a,n/a,http://www.nasdaq.com/symbol/nyv
NPN,Nuveen Pennsylvania Municipal Value Fund,15.1445,$18.47M,2009,n/a,n/a,http://www.nasdaq.com/symbol/npn
JRS,Nuveen Real Estate Fund,11.72,$338.62M,2001,n/a,n/a,http://www.nasdaq.com/symbol/jrs
OGEN,"Oragenics, Inc.",1.08,$39.07M,n/a,Health Care,Major Pharmaceuticals,http://www.nasdaq.com/symbol/ogen
TIS,Orchids Paper Products Company,28.1,$246.1M,2005,Basic Industries,Paper,http://www.nasdaq.com/symbol/tis
ONVO,"Organovo Holdings, Inc.",6.39,$514.13M,n/a,Health Care,Biotechnology: Biological Products (No Diagnostic Substances),http://www.nasdaq.com/symbol/onvo
ONP,"Orient Paper, Inc.",0.99,$20.11M,n/a,Consumer Durables,Containers/Packaging,http://www.nasdaq.com/symbol/onp
OESX,"Orion Energy Systems, Inc.",3.61,$79.22M,2007,Consumer Durables,Building Products,http://www.nasdaq.com/symbol/oesx
OSGB,"Overseas Shipholding Group, Inc.",5.09,$155.48M,n/a,Transportation,Marine Transportation,http://www.nasdaq.com/symbol/osgb
ORM,"Owens Realty Mortgage, Inc.",12.95,$139.45M,2013,Consumer Services,Real Estate Investment Trusts,http://www.nasdaq.com/symbol/orm
PHF,"Pacholder High Yield Fund, Inc.",7.65,$99.42M,n/a,n/a,n/a,http://www.nasdaq.com/symbol/phf
PBM,Pacific Booker Minerals Inc,4.82,$59.59M,n/a,Basic Industries,Precious Metals,http://www.nasdaq.com/symbol/pbm
PCG^A,Pacific Gas & Electric Co.,29.188,n/a,n/a,n/a,n/a,http://www.nasdaq.com/symbol/pcg^a
PCG^B,Pacific Gas & Electric Co.,26.91,n/a,n/a,n/a,n/a,http://www.nasdaq.com/symbol/pcg^b
PCG^C,Pacific Gas & Electric Co.,25.3499,n/a,n/a,n/a,n/a,http://www.nasdaq.com/symbol/pcg^c
PCG^D,Pacific Gas & Electric Co.,24.7884,n/a,n/a,n/a,n/a,http://www.nasdaq.com/symbol/pcg^d
PCG^E,Pacific Gas & Electric Co.,25,n/a,n/a,n/a,n/a,http://www.nasdaq.com/symbol/pcg^e
PCG^G,Pacific Gas & Electric Co.,24.85,n/a,n/a,n/a,n/a,http://www.nasdaq.com/symbol/pcg^g
PCG^H,Pacific Gas & Electric Co.,22.292,n/a,n/a,n/a,n/a,http://www.nasdaq.com/symbol/pcg^h
PCG^I,Pacific Gas & Electric Co.,22.51,n/a,n/a,n/a,n/a,http://www.nasdaq.com/symbol/pcg^i
PTN,"Palatin Technologies, Inc.",0.9,$37.39M,n/a,Health Care,Major Pharmaceuticals,http://www.nasdaq.com/symbol/ptn
PARR,Par Petroleum Corporation,18.55,$682.65M,n/a,Energy,Oil & Gas Production,http://www.nasdaq.com/symbol/parr
PZG,Paramount Gold and Silver Corp.,1.18,$191.19M,n/a,Basic Industries,Precious Metals,http://www.nasdaq.com/symbol/pzg
PRK,Park National Corporation,86.45,$1.33B,n/a,Finance,Major Banks,http://www.nasdaq.com/symbol/prk
PED,Pedevco Corp.,0.79,$26.16M,n/a,Energy,Oil & Gas Production,http://www.nasdaq.com/symbol/ped
PFNX,Pfenex Inc.,12.75,$259.81M,2014,Health Care,Major Pharmaceuticals,http://www.nasdaq.com/symbol/pfnx
PIP,"PharmAthene, Inc",1.71,$108.37M,n/a,Health Care,Major Pharmaceuticals,http://www.nasdaq.com/symbol/pip
HNW,Pioneer Diversified High Income Trust,17.248,$143.72M,2007,n/a,n/a,http://www.nasdaq.com/symbol/hnw
PLG,Platinum Group Metals Ltd.,0.51,$392.16M,n/a,Basic Industries,Precious Metals,http://www.nasdaq.com/symbol/plg
PLM,Polymet Mining Corp.,1.08,$298.46M,n/a,Basic Industries,Precious Metals,http://www.nasdaq.com/symbol/plm
PW,Power REIT,9,$15.59M,n/a,Consumer Services,Real Estate Investment Trusts,http://www.nasdaq.com/symbol/pw
PW^A,Power REIT,25.12,n/a,n/a,n/a,n/a,http://www.nasdaq.com/symbol/pw^a
APTS,"Preferred Apartment Communities, Inc.",10.3,$204.61M,2011,Consumer Services,Real Estate Investment Trusts,http://www.nasdaq.com/symbol/apts
PLX,"Protalix BioTherapeutics, Inc.",1.96,$183.6M,n/a,Health Care,Biotechnology: Biological Products (No Diagnostic Substances),http://www.nasdaq.com/symbol/plx
PVCT,"Provectus Biopharmaceuticals, Inc.",0.8121,$146.42M,n/a,Health Care,Major Pharmaceuticals,http://www.nasdaq.com/symbol/pvct
RLGT,"Radiant Logistics, Inc.",4.53,$157.25M,n/a,Transportation,Oil Refining/Marketing,http://www.nasdaq.com/symbol/rlgt
RLGT^A,"Radiant Logistics, Inc.",27.2,n/a,n/a,n/a,n/a,http://www.nasdaq.com/symbol/rlgt^a
REE,Rare Element Resources Ltd.,0.7487,$35.72M,n/a,Basic Industries,Precious Metals,http://www.nasdaq.com/symbol/ree
UTG,Reaves Utility Income Fund,31.53,$914.82M,2004,n/a,n/a,http://www.nasdaq.com/symbol/utg
REED,"Reeds, Inc.",5.44,$71.05M,n/a,Consumer Non-Durables,Beverages (Production/Distribution),http://www.nasdaq.com/symbol/reed
RWC,RELM Wireless Corporation,6.18,$84.45M,n/a,Technology,Radio And Television Broadcasting And Communications Equipment,http://www.nasdaq.com/symbol/rwc
RCG,"RENN Fund, Inc.",1.2599,$5.62M,n/a,n/a,n/a,http://www.nasdaq.com/symbol/rcg
RVP,"Retractable Technologies, Inc.",4.2,$115.42M,n/a,Health Care,Medical/Dental Instruments,http://www.nasdaq.com/symbol/rvp
RVM,"Revett Mining Company, Inc.",0.385,$15.05M,n/a,Basic Industries,Precious Metals,http://www.nasdaq.com/symbol/rvm
RNN,"Rexahn Pharmaceuticals, Inc.",0.8,$142.6M,n/a,Health Care,Major Pharmaceuticals,http://www.nasdaq.com/symbol/rnn
RIC,"Richmont Mines, Inc.",3.28,$190.05M,n/a,Basic Industries,Precious Metals,http://www.nasdaq.com/symbol/ric
REI,"Ring Energy, Inc.",9.33,$240.05M,n/a,Energy,Oil & Gas Production,http://www.nasdaq.com/symbol/rei
RIF,RMR Real Estate Income Fund.,21.41,$163.83M,n/a,n/a,n/a,http://www.nasdaq.com/symbol/rif
RBY,Rubicon Minerals Corp,1.12,$415M,n/a,Basic Industries,Precious Metals,http://www.nasdaq.com/symbol/rby
SGA,"Saga Communications, Inc.",42.09,$244.5M,n/a,Consumer Services,Broadcasting,http://www.nasdaq.com/symbol/sga
SSN,Samson Oil & Gas Limited,0.23,$32.63M,n/a,Energy,Oil & Gas Production,http://www.nasdaq.com/symbol/ssn
SPP,Sanchez Production Partners LLC,1.39,$40.02M,n/a,Energy,Oil & Gas Production,http://www.nasdaq.com/symbol/spp
SAND          ,Sandstorm Gold Ltd,3.31,$388.85M,n/a,Basic Industries,Precious Metals,http://www.nasdaq.com/symbol/sand          
SARA,Saratoga Resources Inc,0.3201,$9.92M,n/a,Energy,Oil & Gas Production,http://www.nasdaq.com/symbol/sara
SEB,Seaboard Corporation,3885,$4.55B,1996,n/a,n/a,http://www.nasdaq.com/symbol/seb
SVT,"Servotronics, Inc.",6.33,$15.56M,n/a,Capital Goods,Industrial Machinery/Components,http://www.nasdaq.com/symbol/svt
SIF,"SIFCO Industries, Inc.",21.03,$114.21M,n/a,Capital Goods,Aerospace,http://www.nasdaq.com/symbol/sif
SVBL,"Silver Bull Resources, Inc.",0.1307,$20.79M,n/a,Basic Industries,Precious Metals,http://www.nasdaq.com/symbol/svbl
SVLC,"SilverCrest Mines, Inc.",1.22,$144.88M,n/a,Basic Industries,Precious Metals,http://www.nasdaq.com/symbol/svlc
SKY,Skyline Corporation,3.68,$30.88M,n/a,Basic Industries,Homebuilding,http://www.nasdaq.com/symbol/sky
SLI,"SL Industries, Inc.",41,$169.9M,n/a,Capital Goods,Industrial Machinery/Components,http://www.nasdaq.com/symbol/sli
XPL,Solitario Exploration & Royalty Corp,0.8372,$32.86M,n/a,Basic Industries,Precious Metals,http://www.nasdaq.com/symbol/xpl
SCE^B,Southern California Edison Company,22.05,n/a,n/a,n/a,n/a,http://www.nasdaq.com/symbol/sce^b
SCE^C,Southern California Edison Company,22.28,n/a,n/a,n/a,n/a,http://www.nasdaq.com/symbol/sce^c
SCE^D,Southern California Edison Company,23.46,n/a,n/a,n/a,n/a,http://www.nasdaq.com/symbol/sce^d
SCE^E,Southern California Edison Company,24.982,n/a,n/a,n/a,n/a,http://www.nasdaq.com/symbol/sce^e
SGB,Southwest Georgia Financial Corporation,13.73,$34.98M,n/a,Finance,Major Banks,http://www.nasdaq.com/symbol/sgb
LOV,"Spark Networks, Inc.",3.6,$87.6M,n/a,Miscellaneous,Business Services,http://www.nasdaq.com/symbol/lov
STRP,Straight Path Communications Inc.,18.55,$221.68M,2013,Public Utilities,Telecommunications Equipment,http://www.nasdaq.com/symbol/strp
SSY,"SunLink Health Systems, Inc.",1.43,$13.5M,n/a,Health Care,Hospital/Nursing Management,http://www.nasdaq.com/symbol/ssy
SDPI,"Superior Drilling Products, Inc.",3.59,$62.08M,2014,Energy,Metal Fabrications,http://www.nasdaq.com/symbol/sdpi
STS,"Supreme Industries, Inc.",8.29,$137.11M,n/a,Capital Goods,Construction/Ag Equipment/Trucks,http://www.nasdaq.com/symbol/sts
SYRG,Synergy Resources Corporation,11.52,$1.2B,n/a,Energy,Oil & Gas Production,http://www.nasdaq.com/symbol/syrg
SYN,"Synthetic Biologics, Inc",2.06,$149.38M,n/a,Health Care,Major Pharmaceuticals,http://www.nasdaq.com/symbol/syn
TRX,Tanzanian Royalty Exploration Corporation,0.52,$52.9M,n/a,Basic Industries,Precious Metals,http://www.nasdaq.com/symbol/trx
TGB,Taseko Mines Limited,0.84,$186.32M,n/a,Basic Industries,Precious Metals,http://www.nasdaq.com/symbol/tgb
TAS,Tasman Metals Ltd,0.5701,$37.71M,n/a,Basic Industries,Precious Metals,http://www.nasdaq.com/symbol/tas
TRC/WS,Tejon Ranch Co,0.97,n/a,n/a,n/a,n/a,http://www.nasdaq.com/symbol/trc/ws
TIK,Tel-Instrument Electronics Corp.,4.95,$16.09M,n/a,Capital Goods,Electrical Products,http://www.nasdaq.com/symbol/tik
TGC,"Tengasco, Inc.",0.2799,$17.03M,n/a,Energy,Oil & Gas Production,http://www.nasdaq.com/symbol/tgc
GLU,The Gabelli Global Utility and Income Trust,19.5004,$80.17M,2004,n/a,n/a,http://www.nasdaq.com/symbol/glu
GLU^A,The Gabelli Global Utility and Income Trust,50.42,n/a,n/a,n/a,n/a,http://www.nasdaq.com/symbol/glu^a
TXMD,"TherapeuticsMD, Inc.",5.1,$875.74M,n/a,Health Care,Major Pharmaceuticals,http://www.nasdaq.com/symbol/txmd
TPI,"Tianyin Pharmaceutical Co., Inc.",0.6605,$19.44M,n/a,Health Care,Major Pharmaceuticals,http://www.nasdaq.com/symbol/tpi
IDI,"Tiger Media, Inc.",1.07,$38.95M,n/a,Consumer Services,Advertising,http://www.nasdaq.com/symbol/idi
TLR,Timberline Resources Corporation,0.6101,$6.04M,n/a,Basic Industries,Precious Metals,http://www.nasdaq.com/symbol/tlr
TGD,Timmons Gold Corp,0.8434,$151.71M,2011,Basic Industries,Precious Metals,http://www.nasdaq.com/symbol/tgd
TOF,Tofutti Brands Inc.,5.35,$27.57M,n/a,Consumer Non-Durables,Specialty Foods,http://www.nasdaq.com/symbol/tof
TMP,Tompkins Financial Corporation,53.17,$784.95M,n/a,Finance,Major Banks,http://www.nasdaq.com/symbol/tmp
TAT,Transatlantic Petroleum Ltd,4.79,$194.99M,n/a,Energy,Oil & Gas Production,http://www.nasdaq.com/symbol/tat
TRXC,"TransEnterix, Inc.",2.79,$176.23M,n/a,Health Care,Medical/Dental Instruments,http://www.nasdaq.com/symbol/trxc
TPLM,Triangle Petroleum Corporation,5.28,$404.51M,n/a,Energy,Oil & Gas Production,http://www.nasdaq.com/symbol/tplm
TRT,Trio-Tech International,2.96,$10.4M,n/a,Technology,Industrial Machinery/Components,http://www.nasdaq.com/symbol/trt
HTM,U.S. Geothermal Inc.,0.4532,$48.5M,n/a,Public Utilities,Electric Utilities: Central,http://www.nasdaq.com/symbol/htm
UAMY,United States Antimony Corporation,0.6,$39.62M,n/a,Capital Goods,Metal Fabrications,http://www.nasdaq.com/symbol/uamy
UUU,"Universal Security Instruments, Inc.",5.12,$11.84M,n/a,Consumer Non-Durables,Electronic Components,http://www.nasdaq.com/symbol/uuu
UQM,UQM TECHNOLOGIES INC,1.0368,$41.94M,n/a,Capital Goods,Industrial Machinery/Components,http://www.nasdaq.com/symbol/uqm
URG,Ur Energy Inc,0.93,$120.54M,n/a,Basic Industries,Precious Metals,http://www.nasdaq.com/symbol/urg
URZ,Uranerz Energy Corporation,1.18,$113.15M,n/a,Basic Industries,Precious Metals,http://www.nasdaq.com/symbol/urz
UEC,Uranium Energy Corp.,1.48,$135.78M,n/a,Basic Industries,Precious Metals,http://www.nasdaq.com/symbol/uec
VTG,Vantage Drilling Company,0.3979,$122.47M,n/a,Energy,Oil & Gas Production,http://www.nasdaq.com/symbol/vtg
VSR,"Versar, Inc.",3.3632,$32.99M,1986,Consumer Services,Military/Government/Technical,http://www.nasdaq.com/symbol/vsr
VII,"Vicon Industries, Inc.",1.52,$13.9M,n/a,Consumer Durables,Telecommunications Equipment,http://www.nasdaq.com/symbol/vii
VHC,VirnetX Holding Corp,6.27,$326.02M,n/a,Miscellaneous,Multi-Sector Companies,http://www.nasdaq.com/symbol/vhc
VGZ,Vista Gold Corporation,0.36,$29.66M,n/a,Basic Industries,Precious Metals,http://www.nasdaq.com/symbol/vgz
VNRX,VolitionRX Limited,4.04,$58.38M,2015,Health Care,Biotechnology: In Vitro & In Vivo Diagnostic Substances,http://www.nasdaq.com/symbol/vnrx
VISI,"Volt Information Sciences, Inc.",12.5,$261.72M,n/a,Technology,Professional Services,http://www.nasdaq.com/symbol/visi
EAD,Wells Fargo Advantage Income Opportunities Fund,8.85,$628.2M,2003,n/a,n/a,http://www.nasdaq.com/symbol/ead
ERC,Wells Fargo Advantage Multi-Sector Income Fund,13.49,$567.32M,2003,n/a,n/a,http://www.nasdaq.com/symbol/erc
ERH,Wells Fargo Advantage Utilities and High Income Fund,13.31,$122.87M,2004,n/a,n/a,http://www.nasdaq.com/symbol/erh
SBI,Western Asset Intermediate Muni Fund Inc,9.82,$138.24M,1992,n/a,n/a,http://www.nasdaq.com/symbol/sbi
WRN,Western Copper and Gold Corporation,0.556,$52.37M,2011,Basic Industries,Precious Metals,http://www.nasdaq.com/symbol/wrn
WYY,WidePoint Corporation,1.58,$128.8M,n/a,Technology,EDP Services,http://www.nasdaq.com/symbol/wyy
WTT,"Wireless Telecom Group,  Inc.",3.16,$61.43M,n/a,Capital Goods,Electrical Products,http://www.nasdaq.com/symbol/wtt
YUMA,"Yuma Energy, Inc.",1.65,$113.63M,n/a,Energy,Oil & Gas Production,http://www.nasdaq.com/symbol/yuma
YUMA^A,"Yuma Energy, Inc.",20.25,n/a,n/a,n/a,n/a,http://www.nasdaq.com/symbol/yuma^a
ZBB,ZBB Energy Corporation,0.58,$22.66M,2007,Public Utilities,Electric Utilities: Central,http://www.nasdaq.com/symbol/zbb
